<?xml version="1.0" encoding="UTF-8"?>
<testng-results skipped="0" failed="0" ignored="0" total="1" passed="1">
  <reporter-output>
  </reporter-output>
  <suite name="Default suite" duration-ms="96984" started-at="2019-09-02T11:07:16 IST" finished-at="2019-09-02T11:08:53 IST">
    <groups>
    </groups>
    <test name="Default test" duration-ms="96984" started-at="2019-09-02T11:07:16 IST" finished-at="2019-09-02T11:08:53 IST">
      <class name="venkat.Testing">
        <test-method status="PASS" signature="m1()[pri:0, instance:venkat.Testing@1d16f93d]" name="m1" is-config="true" duration-ms="62647" started-at="2019-09-02T11:07:16 IST" finished-at="2019-09-02T11:08:18 IST">
          <reporter-output>
          </reporter-output>
        </test-method> <!-- m1 -->
        <test-method status="PASS" signature="captureScreenMethod()[pri:0, instance:venkat.Testing@1d16f93d]" name="captureScreenMethod" duration-ms="34044" started-at="2019-09-02T11:08:19 IST" finished-at="2019-09-02T11:08:53 IST">
          <reporter-output>
          </reporter-output>
        </test-method> <!-- captureScreenMethod -->
      </class> <!-- venkat.Testing -->
    </test> <!-- Default test -->
  </suite> <!-- Default suite -->
</testng-results>
